I Creating report in "idf-diag-74a94598-ced1-4ea8-8dcc-053f2db5f4e5" directory.
I Searching for device serial port ...
D Port detection: Serial port COM4
D Connecting...
D COM4 failed to connect: Write timeout
D Serial port COM3
D COM3 failed to connect: Could not open COM3, the port is busy or doesn't exist.
D (could not open port 'COM3': OSError(22, 'The semaphore timeout period has expired.', None, 121))


I Serial port: N/A
W warning: The device serial port is unavailable. Target information will not be gathered.
D Builtin recipes "{'environment': 'C:\\Espressif\\python_env\\idf5.5_py3.11_env\\Lib\\site-packages\\esp_idf_diag\\data\\recipes\\environment.yml', 'idf': 'C:\\Espressif\\python_env\\idf5.5_py3.11_env\\Lib\\site-packages\\esp_idf_diag\\data\\recipes\\idf.yml', 'manager': 'C:\\Espressif\\python_env\\idf5.5_py3.11_env\\Lib\\site-packages\\esp_idf_diag\\data\\recipes\\manager.yml', 'project': 'C:\\Espressif\\python_env\\idf5.5_py3.11_env\\Lib\\site-packages\\esp_idf_diag\\data\\recipes\\project.yml', 'python': 'C:\\Espressif\\python_env\\idf5.5_py3.11_env\\Lib\\site-packages\\esp_idf_diag\\data\\recipes\\python.yml', 'system': 'C:\\Espressif\\python_env\\idf5.5_py3.11_env\\Lib\\site-packages\\esp_idf_diag\\data\\recipes\\system.yml', 'target': 'C:\\Espressif\\python_env\\idf5.5_py3.11_env\\Lib\\site-packages\\esp_idf_diag\\data\\recipes\\target.yml', 'tools': 'C:\\Espressif\\python_env\\idf5.5_py3.11_env\\Lib\\site-packages\\esp_idf_diag\\data\\recipes\\tools.yml'}"
D Recipe files to use "['C:\\Espressif\\python_env\\idf5.5_py3.11_env\\Lib\\site-packages\\esp_idf_diag\\data\\recipes\\environment.yml', 'C:\\Espressif\\python_env\\idf5.5_py3.11_env\\Lib\\site-packages\\esp_idf_diag\\data\\recipes\\idf.yml', 'C:\\Espressif\\python_env\\idf5.5_py3.11_env\\Lib\\site-packages\\esp_idf_diag\\data\\recipes\\manager.yml', 'C:\\Espressif\\python_env\\idf5.5_py3.11_env\\Lib\\site-packages\\esp_idf_diag\\data\\recipes\\project.yml', 'C:\\Espressif\\python_env\\idf5.5_py3.11_env\\Lib\\site-packages\\esp_idf_diag\\data\\recipes\\python.yml', 'C:\\Espressif\\python_env\\idf5.5_py3.11_env\\Lib\\site-packages\\esp_idf_diag\\data\\recipes\\system.yml', 'C:\\Espressif\\python_env\\idf5.5_py3.11_env\\Lib\\site-packages\\esp_idf_diag\\data\\recipes\\target.yml', 'C:\\Espressif\\python_env\\idf5.5_py3.11_env\\Lib\\site-packages\\esp_idf_diag\\data\\recipes\\tools.yml']"
D Recipe variables: {'PROJECT_DIR': 'C:\\Users\\[XXX]\\mika-idf', 'BUILD_DIR': 'C:\\Users\\[XXX]\\mika-idf\\build', 'IDF_PATH': 'C:\\Espressif\\frameworks\\esp-idf-v5.5.3', 'REPORT_DIR': 'C:\\Users\\LAPTOP~1\\AppData\\Local\\Temp\\tmpg3a705vv\\report'}
D Project directory: C:\Users\[XXX]\mika-idf
D Build directory: C:\Users\[XXX]\mika-idf\build
D System: Windows
D Port: None
D Loading recipe file "C:\Espressif\python_env\idf5.5_py3.11_env\Lib\site-packages\esp_idf_diag\data\recipes\environment.yml"
D Loading recipe file "C:\Espressif\python_env\idf5.5_py3.11_env\Lib\site-packages\esp_idf_diag\data\recipes\idf.yml"
D Loading recipe file "C:\Espressif\python_env\idf5.5_py3.11_env\Lib\site-packages\esp_idf_diag\data\recipes\manager.yml"
D Loading recipe file "C:\Espressif\python_env\idf5.5_py3.11_env\Lib\site-packages\esp_idf_diag\data\recipes\project.yml"
D Loading recipe file "C:\Espressif\python_env\idf5.5_py3.11_env\Lib\site-packages\esp_idf_diag\data\recipes\python.yml"
D Loading recipe file "C:\Espressif\python_env\idf5.5_py3.11_env\Lib\site-packages\esp_idf_diag\data\recipes\system.yml"
D Loading recipe file "C:\Espressif\python_env\idf5.5_py3.11_env\Lib\site-packages\esp_idf_diag\data\recipes\target.yml"
D Loading recipe file "C:\Espressif\python_env\idf5.5_py3.11_env\Lib\site-packages\esp_idf_diag\data\recipes\tools.yml"
D Validating recipe file "C:\Espressif\python_env\idf5.5_py3.11_env\Lib\site-packages\esp_idf_diag\data\recipes\environment.yml"
D Validating recipe file "C:\Espressif\python_env\idf5.5_py3.11_env\Lib\site-packages\esp_idf_diag\data\recipes\idf.yml"
D Validating recipe file "C:\Espressif\python_env\idf5.5_py3.11_env\Lib\site-packages\esp_idf_diag\data\recipes\manager.yml"
D Validating recipe file "C:\Espressif\python_env\idf5.5_py3.11_env\Lib\site-packages\esp_idf_diag\data\recipes\project.yml"
D Validating recipe file "C:\Espressif\python_env\idf5.5_py3.11_env\Lib\site-packages\esp_idf_diag\data\recipes\python.yml"
D Validating recipe file "C:\Espressif\python_env\idf5.5_py3.11_env\Lib\site-packages\esp_idf_diag\data\recipes\system.yml"
D Validating recipe file "C:\Espressif\python_env\idf5.5_py3.11_env\Lib\site-packages\esp_idf_diag\data\recipes\target.yml"
D Validating recipe file "C:\Espressif\python_env\idf5.5_py3.11_env\Lib\site-packages\esp_idf_diag\data\recipes\tools.yml"
D Purge file: C:\Espressif\python_env\idf5.5_py3.11_env\Lib\site-packages\esp_idf_diag\data\purge\purge.yml
D Processing recipe "Shell environment information" file "C:\Espressif\python_env\idf5.5_py3.11_env\Lib\site-packages\esp_idf_diag\data\recipes\environment.yml"
O Shell environment information
D Processing step "Enviromental Variables"
O * Enviromental Variables
D cmd: "{'env': None, 'vars': ['IDF_PATH', 'IDF_PYTHON_ENV_PATH', 'IDF_TOOLS_PATH', 'PATH', 'OPENOCD_SCRIPTS', 'PYTHONPATH', 'MSYSTEM'], 'regex': '.*IDF.*|.*ESP.*', 'output': 'environment.var'}"
D Processing step "Python Environmental Variables"
O * Python Environmental Variables
D cmd: "{'env': None, 'regex': '.*PYTHON.*', 'output': 'python.var'}"
D Processing recipe "Basic ESP-IDF information" file "C:\Espressif\python_env\idf5.5_py3.11_env\Lib\site-packages\esp_idf_diag\data\recipes\idf.yml"
O Basic ESP-IDF information
D Processing step "ESP-IDF Version"
O * ESP-IDF Version
D cmd: "{'exec': None, 'cmd': 'idf.py --version', 'output': 'esp_idf.ver'}"
D Processing step "ESP-IDF Git Version"
O * ESP-IDF Git Version
D cmd: "{'exec': None, 'cmd': 'git -C C:\\Espressif\\frameworks\\esp-idf-v5.5.3 describe', 'output': 'esp_idf_git.ver'}"
D Processing recipe "IDF Component Manager information" file "C:\Espressif\python_env\idf5.5_py3.11_env\Lib\site-packages\esp_idf_diag\data\recipes\manager.yml"
O IDF Component Manager information
D Processing step "IDF Component Manager"
O * IDF Component Manager
D cmd: "{'exec': None, 'cmd': 'python -m idf_component_manager version', 'output': 'manager.ver'}"
D cmd: "{'file': None, 'path': 'C:\\Users\\[XXX]\\mika-idf/dependencies.lock'}"
D cmd: "{'glob': None, 'pattern': 'idf_component.yml', 'recursive': True, 'relative': True, 'path': 'C:\\Users\\[XXX]\\mika-idf', 'output': 'idf_component/'}"
D copy "C:\Users\[XXX]\mika-idf\components\arduino-esp32\idf_component.yml" to "C:\Users\LAPTOP~1\AppData\Local\Temp\tmpg3a705vv\report\manager\idf_component\components\arduino-esp32\idf_component.yml"
D copy "C:\Users\[XXX]\mika-idf\components\Audio_PCM5101\idf_component.yml" to "C:\Users\LAPTOP~1\AppData\Local\Temp\tmpg3a705vv\report\manager\idf_component\components\Audio_PCM5101\idf_component.yml"
D copy "C:\Users\[XXX]\mika-idf\components\Display_ST77916\idf_component.yml" to "C:\Users\LAPTOP~1\AppData\Local\Temp\tmpg3a705vv\report\manager\idf_component\components\Display_ST77916\idf_component.yml"
D copy "C:\Users\[XXX]\mika-idf\main\idf_component.yml" to "C:\Users\LAPTOP~1\AppData\Local\Temp\tmpg3a705vv\report\manager\idf_component\main\idf_component.yml"
D copy "C:\Users\[XXX]\mika-idf\managed_components\chmorgan__esp-libhelix-mp3\idf_component.yml" to "C:\Users\LAPTOP~1\AppData\Local\Temp\tmpg3a705vv\report\manager\idf_component\managed_components\chmorgan__esp-libhelix-mp3\idf_component.yml"
D copy "C:\Users\[XXX]\mika-idf\managed_components\espressif__cbor\idf_component.yml" to "C:\Users\LAPTOP~1\AppData\Local\Temp\tmpg3a705vv\report\manager\idf_component\managed_components\espressif__cbor\idf_component.yml"
D copy "C:\Users\[XXX]\mika-idf\managed_components\espressif__cbor\examples\cbor\main\idf_component.yml" to "C:\Users\LAPTOP~1\AppData\Local\Temp\tmpg3a705vv\report\manager\idf_component\managed_components\espressif__cbor\examples\cbor\main\idf_component.yml"
D copy "C:\Users\[XXX]\mika-idf\managed_components\espressif__cmake_utilities\idf_component.yml" to "C:\Users\LAPTOP~1\AppData\Local\Temp\tmpg3a705vv\report\manager\idf_component\managed_components\espressif__cmake_utilities\idf_component.yml"
D copy "C:\Users\[XXX]\mika-idf\managed_components\espressif__cmake_utilities\test_apps\components\TEST-component2\idf_component.yml" to "C:\Users\LAPTOP~1\AppData\Local\Temp\tmpg3a705vv\report\manager\idf_component\managed_components\espressif__cmake_utilities\test_apps\components\TEST-component2\idf_component.yml"
D copy "C:\Users\[XXX]\mika-idf\managed_components\espressif__cmake_utilities\test_apps\components\test_component1\idf_component.yml" to "C:\Users\LAPTOP~1\AppData\Local\Temp\tmpg3a705vv\report\manager\idf_component\managed_components\espressif__cmake_utilities\test_apps\components\test_component1\idf_component.yml"
D copy "C:\Users\[XXX]\mika-idf\managed_components\espressif__dl_fft\idf_component.yml" to "C:\Users\LAPTOP~1\AppData\Local\Temp\tmpg3a705vv\report\manager\idf_component\managed_components\espressif__dl_fft\idf_component.yml"
D copy "C:\Users\[XXX]\mika-idf\managed_components\espressif__esp-dsp\idf_component.yml" to "C:\Users\LAPTOP~1\AppData\Local\Temp\tmpg3a705vv\report\manager\idf_component\managed_components\espressif__esp-dsp\idf_component.yml"
D copy "C:\Users\[XXX]\mika-idf\managed_components\espressif__esp-dsp\applications\azure_board_apps\apps\3d_graphics\main\idf_component.yml" to "C:\Users\LAPTOP~1\AppData\Local\Temp\tmpg3a705vv\report\manager\idf_component\managed_components\espressif__esp-dsp\applications\azure_board_apps\apps\3d_graphics\main\idf_component.yml"
D copy "C:\Users\[XXX]\mika-idf\managed_components\espressif__esp-dsp\applications\azure_board_apps\apps\kalman_filter\main\idf_component.yml" to "C:\Users\LAPTOP~1\AppData\Local\Temp\tmpg3a705vv\report\manager\idf_component\managed_components\espressif__esp-dsp\applications\azure_board_apps\apps\kalman_filter\main\idf_component.yml"
D copy "C:\Users\[XXX]\mika-idf\managed_components\espressif__esp-dsp\applications\lyrat_board_app\main\idf_component.yml" to "C:\Users\LAPTOP~1\AppData\Local\Temp\tmpg3a705vv\report\manager\idf_component\managed_components\espressif__esp-dsp\applications\lyrat_board_app\main\idf_component.yml"
D copy "C:\Users\[XXX]\mika-idf\managed_components\espressif__esp-dsp\applications\m5stack_core_s3\apps\3d_graphics\main\idf_component.yml" to "C:\Users\LAPTOP~1\AppData\Local\Temp\tmpg3a705vv\report\manager\idf_component\managed_components\espressif__esp-dsp\applications\m5stack_core_s3\apps\3d_graphics\main\idf_component.yml"
D copy "C:\Users\[XXX]\mika-idf\managed_components\espressif__esp-dsp\applications\m5stack_core_s3\apps\kalman_filter\main\idf_component.yml" to "C:\Users\LAPTOP~1\AppData\Local\Temp\tmpg3a705vv\report\manager\idf_component\managed_components\espressif__esp-dsp\applications\m5stack_core_s3\apps\kalman_filter\main\idf_component.yml"
D copy "C:\Users\[XXX]\mika-idf\managed_components\espressif__esp-dsp\applications\spectrum_box_lite\main\idf_component.yml" to "C:\Users\LAPTOP~1\AppData\Local\Temp\tmpg3a705vv\report\manager\idf_component\managed_components\espressif__esp-dsp\applications\spectrum_box_lite\main\idf_component.yml"
D copy "C:\Users\[XXX]\mika-idf\managed_components\espressif__esp-dsp\examples\basic_math\main\idf_component.yml" to "C:\Users\LAPTOP~1\AppData\Local\Temp\tmpg3a705vv\report\manager\idf_component\managed_components\espressif__esp-dsp\examples\basic_math\main\idf_component.yml"
D copy "C:\Users\[XXX]\mika-idf\managed_components\espressif__esp-dsp\examples\conv2d\main\idf_component.yml" to "C:\Users\LAPTOP~1\AppData\Local\Temp\tmpg3a705vv\report\manager\idf_component\managed_components\espressif__esp-dsp\examples\conv2d\main\idf_component.yml"
D copy "C:\Users\[XXX]\mika-idf\managed_components\espressif__esp-dsp\examples\dotprod\main\idf_component.yml" to "C:\Users\LAPTOP~1\AppData\Local\Temp\tmpg3a705vv\report\manager\idf_component\managed_components\espressif__esp-dsp\examples\dotprod\main\idf_component.yml"
D copy "C:\Users\[XXX]\mika-idf\managed_components\espressif__esp-dsp\examples\fft\main\idf_component.yml" to "C:\Users\LAPTOP~1\AppData\Local\Temp\tmpg3a705vv\report\manager\idf_component\managed_components\espressif__esp-dsp\examples\fft\main\idf_component.yml"
D copy "C:\Users\[XXX]\mika-idf\managed_components\espressif__esp-dsp\examples\fft4real\main\idf_component.yml" to "C:\Users\LAPTOP~1\AppData\Local\Temp\tmpg3a705vv\report\manager\idf_component\managed_components\espressif__esp-dsp\examples\fft4real\main\idf_component.yml"
D copy "C:\Users\[XXX]\mika-idf\managed_components\espressif__esp-dsp\examples\fft_window\main\idf_component.yml" to "C:\Users\LAPTOP~1\AppData\Local\Temp\tmpg3a705vv\report\manager\idf_component\managed_components\espressif__esp-dsp\examples\fft_window\main\idf_component.yml"
D copy "C:\Users\[XXX]\mika-idf\managed_components\espressif__esp-dsp\examples\fir\main\idf_component.yml" to "C:\Users\LAPTOP~1\AppData\Local\Temp\tmpg3a705vv\report\manager\idf_component\managed_components\espressif__esp-dsp\examples\fir\main\idf_component.yml"
D copy "C:\Users\[XXX]\mika-idf\managed_components\espressif__esp-dsp\examples\iir\main\idf_component.yml" to "C:\Users\LAPTOP~1\AppData\Local\Temp\tmpg3a705vv\report\manager\idf_component\managed_components\espressif__esp-dsp\examples\iir\main\idf_component.yml"
D copy "C:\Users\[XXX]\mika-idf\managed_components\espressif__esp-dsp\examples\kalman\main\idf_component.yml" to "C:\Users\LAPTOP~1\AppData\Local\Temp\tmpg3a705vv\report\manager\idf_component\managed_components\espressif__esp-dsp\examples\kalman\main\idf_component.yml"
D copy "C:\Users\[XXX]\mika-idf\managed_components\espressif__esp-dsp\examples\matrix\main\idf_component.yml" to "C:\Users\LAPTOP~1\AppData\Local\Temp\tmpg3a705vv\report\manager\idf_component\managed_components\espressif__esp-dsp\examples\matrix\main\idf_component.yml"
D copy "C:\Users\[XXX]\mika-idf\managed_components\espressif__esp-dsp\external_examples\1fa4e38f\lyrat_board_app\main\idf_component.yml" to "C:\Users\LAPTOP~1\AppData\Local\Temp\tmpg3a705vv\report\manager\idf_component\managed_components\espressif__esp-dsp\external_examples\1fa4e38f\lyrat_board_app\main\idf_component.yml"
D copy "C:\Users\[XXX]\mika-idf\managed_components\espressif__esp-dsp\external_examples\b00f000e\applications\azure_board_apps\apps\3d_graphics\main\idf_component.yml" to "C:\Users\LAPTOP~1\AppData\Local\Temp\tmpg3a705vv\report\manager\idf_component\managed_components\espressif__esp-dsp\external_examples\b00f000e\applications\azure_board_apps\apps\3d_graphics\main\idf_component.yml"
D copy "C:\Users\[XXX]\mika-idf\managed_components\espressif__esp-dsp\external_examples\b00f000e\applications\azure_board_apps\apps\kalman_filter\main\idf_component.yml" to "C:\Users\LAPTOP~1\AppData\Local\Temp\tmpg3a705vv\report\manager\idf_component\managed_components\espressif__esp-dsp\external_examples\b00f000e\applications\azure_board_apps\apps\kalman_filter\main\idf_component.yml"
D copy "C:\Users\[XXX]\mika-idf\managed_components\espressif__esp-dsp\external_examples\b00f000e\applications\lyrat_board_app\main\idf_component.yml" to "C:\Users\LAPTOP~1\AppData\Local\Temp\tmpg3a705vv\report\manager\idf_component\managed_components\espressif__esp-dsp\external_examples\b00f000e\applications\lyrat_board_app\main\idf_component.yml"
D copy "C:\Users\[XXX]\mika-idf\managed_components\espressif__esp-dsp\external_examples\b00f000e\applications\m5stack_core_s3\apps\3d_graphics\main\idf_component.yml" to "C:\Users\LAPTOP~1\AppData\Local\Temp\tmpg3a705vv\report\manager\idf_component\managed_components\espressif__esp-dsp\external_examples\b00f000e\applications\m5stack_core_s3\apps\3d_graphics\main\idf_component.yml"
D copy "C:\Users\[XXX]\mika-idf\managed_components\espressif__esp-dsp\external_examples\b00f000e\applications\m5stack_core_s3\apps\kalman_filter\main\idf_component.yml" to "C:\Users\LAPTOP~1\AppData\Local\Temp\tmpg3a705vv\report\manager\idf_component\managed_components\espressif__esp-dsp\external_examples\b00f000e\applications\m5stack_core_s3\apps\kalman_filter\main\idf_component.yml"
D copy "C:\Users\[XXX]\mika-idf\managed_components\espressif__esp-dsp\external_examples\b00f000e\applications\spectrum_box_lite\main\idf_component.yml" to "C:\Users\LAPTOP~1\AppData\Local\Temp\tmpg3a705vv\report\manager\idf_component\managed_components\espressif__esp-dsp\external_examples\b00f000e\applications\spectrum_box_lite\main\idf_component.yml"
D copy "C:\Users\[XXX]\mika-idf\managed_components\espressif__esp-dsp\external_examples\d1468452\apps\3d_graphics\main\idf_component.yml" to "C:\Users\LAPTOP~1\AppData\Local\Temp\tmpg3a705vv\report\manager\idf_component\managed_components\espressif__esp-dsp\external_examples\d1468452\apps\3d_graphics\main\idf_component.yml"
D copy "C:\Users\[XXX]\mika-idf\managed_components\espressif__esp-dsp\external_examples\d1468452\apps\kalman_filter\main\idf_component.yml" to "C:\Users\LAPTOP~1\AppData\Local\Temp\tmpg3a705vv\report\manager\idf_component\managed_components\espressif__esp-dsp\external_examples\d1468452\apps\kalman_filter\main\idf_component.yml"
D copy "C:\Users\[XXX]\mika-idf\managed_components\espressif__esp-dsp\external_examples\f9c2d4b3\azure_board_apps\apps\3d_graphics\main\idf_component.yml" to "C:\Users\LAPTOP~1\AppData\Local\Temp\tmpg3a705vv\report\manager\idf_component\managed_components\espressif__esp-dsp\external_examples\f9c2d4b3\azure_board_apps\apps\3d_graphics\main\idf_component.yml"
D copy "C:\Users\[XXX]\mika-idf\managed_components\espressif__esp-dsp\external_examples\f9c2d4b3\azure_board_apps\apps\kalman_filter\main\idf_component.yml" to "C:\Users\LAPTOP~1\AppData\Local\Temp\tmpg3a705vv\report\manager\idf_component\managed_components\espressif__esp-dsp\external_examples\f9c2d4b3\azure_board_apps\apps\kalman_filter\main\idf_component.yml"
D copy "C:\Users\[XXX]\mika-idf\managed_components\espressif__esp-modbus\idf_component.yml" to "C:\Users\LAPTOP~1\AppData\Local\Temp\tmpg3a705vv\report\manager\idf_component\managed_components\espressif__esp-modbus\idf_component.yml"
D copy "C:\Users\[XXX]\mika-idf\managed_components\espressif__esp-serial-flasher\idf_component.yml" to "C:\Users\LAPTOP~1\AppData\Local\Temp\tmpg3a705vv\report\manager\idf_component\managed_components\espressif__esp-serial-flasher\idf_component.yml"
D copy "C:\Users\[XXX]\mika-idf\managed_components\espressif__esp-sr\idf_component.yml" to "C:\Users\LAPTOP~1\AppData\Local\Temp\tmpg3a705vv\report\manager\idf_component\managed_components\espressif__esp-sr\idf_component.yml"
D copy "C:\Users\[XXX]\mika-idf\managed_components\espressif__esp-zboss-lib\idf_component.yml" to "C:\Users\LAPTOP~1\AppData\Local\Temp\tmpg3a705vv\report\manager\idf_component\managed_components\espressif__esp-zboss-lib\idf_component.yml"
D copy "C:\Users\[XXX]\mika-idf\managed_components\espressif__esp-zigbee-lib\idf_component.yml" to "C:\Users\LAPTOP~1\AppData\Local\Temp\tmpg3a705vv\report\manager\idf_component\managed_components\espressif__esp-zigbee-lib\idf_component.yml"
D copy "C:\Users\[XXX]\mika-idf\managed_components\espressif__esp_codec_dev\idf_component.yml" to "C:\Users\LAPTOP~1\AppData\Local\Temp\tmpg3a705vv\report\manager\idf_component\managed_components\espressif__esp_codec_dev\idf_component.yml"
D copy "C:\Users\[XXX]\mika-idf\managed_components\espressif__esp_codec_dev\test_apps\codec_dev_test\main\idf_component.yml" to "C:\Users\LAPTOP~1\AppData\Local\Temp\tmpg3a705vv\report\manager\idf_component\managed_components\espressif__esp_codec_dev\test_apps\codec_dev_test\main\idf_component.yml"
D copy "C:\Users\[XXX]\mika-idf\managed_components\espressif__esp_diagnostics\idf_component.yml" to "C:\Users\LAPTOP~1\AppData\Local\Temp\tmpg3a705vv\report\manager\idf_component\managed_components\espressif__esp_diagnostics\idf_component.yml"
D copy "C:\Users\[XXX]\mika-idf\managed_components\espressif__esp_diag_data_store\idf_component.yml" to "C:\Users\LAPTOP~1\AppData\Local\Temp\tmpg3a705vv\report\manager\idf_component\managed_components\espressif__esp_diag_data_store\idf_component.yml"
D copy "C:\Users\[XXX]\mika-idf\managed_components\espressif__esp_insights\idf_component.yml" to "C:\Users\LAPTOP~1\AppData\Local\Temp\tmpg3a705vv\report\manager\idf_component\managed_components\espressif__esp_insights\idf_component.yml"
D copy "C:\Users\[XXX]\mika-idf\managed_components\espressif__esp_lcd_st77916\idf_component.yml" to "C:\Users\LAPTOP~1\AppData\Local\Temp\tmpg3a705vv\report\manager\idf_component\managed_components\espressif__esp_lcd_st77916\idf_component.yml"
D copy "C:\Users\[XXX]\mika-idf\managed_components\espressif__esp_lcd_st77916\test_apps\main\idf_component.yml" to "C:\Users\LAPTOP~1\AppData\Local\Temp\tmpg3a705vv\report\manager\idf_component\managed_components\espressif__esp_lcd_st77916\test_apps\main\idf_component.yml"
D copy "C:\Users\[XXX]\mika-idf\managed_components\espressif__esp_modem\idf_component.yml" to "C:\Users\LAPTOP~1\AppData\Local\Temp\tmpg3a705vv\report\manager\idf_component\managed_components\espressif__esp_modem\idf_component.yml"
D copy "C:\Users\[XXX]\mika-idf\managed_components\espressif__esp_modem\examples\ap_to_pppos\main\idf_component.yml" to "C:\Users\LAPTOP~1\AppData\Local\Temp\tmpg3a705vv\report\manager\idf_component\managed_components\espressif__esp_modem\examples\ap_to_pppos\main\idf_component.yml"
D copy "C:\Users\[XXX]\mika-idf\managed_components\espressif__esp_modem\examples\linux_modem\main\idf_component.yml" to "C:\Users\LAPTOP~1\AppData\Local\Temp\tmpg3a705vv\report\manager\idf_component\managed_components\espressif__esp_modem\examples\linux_modem\main\idf_component.yml"
D copy "C:\Users\[XXX]\mika-idf\managed_components\espressif__esp_modem\examples\modem_console\main\idf_component.yml" to "C:\Users\LAPTOP~1\AppData\Local\Temp\tmpg3a705vv\report\manager\idf_component\managed_components\espressif__esp_modem\examples\modem_console\main\idf_component.yml"
D copy "C:\Users\[XXX]\mika-idf\managed_components\espressif__esp_modem\examples\modem_psm\main\idf_component.yml" to "C:\Users\LAPTOP~1\AppData\Local\Temp\tmpg3a705vv\report\manager\idf_component\managed_components\espressif__esp_modem\examples\modem_psm\main\idf_component.yml"
D copy "C:\Users\[XXX]\mika-idf\managed_components\espressif__esp_modem\examples\modem_tcp_client\main\idf_component.yml" to "C:\Users\LAPTOP~1\AppData\Local\Temp\tmpg3a705vv\report\manager\idf_component\managed_components\espressif__esp_modem\examples\modem_tcp_client\main\idf_component.yml"
D copy "C:\Users\[XXX]\mika-idf\managed_components\espressif__esp_modem\examples\pppos_client\main\idf_component.yml" to "C:\Users\LAPTOP~1\AppData\Local\Temp\tmpg3a705vv\report\manager\idf_component\managed_components\espressif__esp_modem\examples\pppos_client\main\idf_component.yml"
D copy "C:\Users\[XXX]\mika-idf\managed_components\espressif__esp_modem\examples\simple_cmux_client\main\idf_component.yml" to "C:\Users\LAPTOP~1\AppData\Local\Temp\tmpg3a705vv\report\manager\idf_component\managed_components\espressif__esp_modem\examples\simple_cmux_client\main\idf_component.yml"
D copy "C:\Users\[XXX]\mika-idf\managed_components\espressif__esp_modem\test\host_test\main\idf_component.yml" to "C:\Users\LAPTOP~1\AppData\Local\Temp\tmpg3a705vv\report\manager\idf_component\managed_components\espressif__esp_modem\test\host_test\main\idf_component.yml"
D copy "C:\Users\[XXX]\mika-idf\managed_components\espressif__esp_modem\test\target\main\idf_component.yml" to "C:\Users\LAPTOP~1\AppData\Local\Temp\tmpg3a705vv\report\manager\idf_component\managed_components\espressif__esp_modem\test\target\main\idf_component.yml"
D copy "C:\Users\[XXX]\mika-idf\managed_components\espressif__esp_modem\test\target_iperf\main\idf_component.yml" to "C:\Users\LAPTOP~1\AppData\Local\Temp\tmpg3a705vv\report\manager\idf_component\managed_components\espressif__esp_modem\test\target_iperf\main\idf_component.yml"
D copy "C:\Users\[XXX]\mika-idf\managed_components\espressif__esp_modem\test\target_ota\main\idf_component.yml" to "C:\Users\LAPTOP~1\AppData\Local\Temp\tmpg3a705vv\report\manager\idf_component\managed_components\espressif__esp_modem\test\target_ota\main\idf_component.yml"
D copy "C:\Users\[XXX]\mika-idf\managed_components\espressif__esp_modem\test\target_urc\main\idf_component.yml" to "C:\Users\LAPTOP~1\AppData\Local\Temp\tmpg3a705vv\report\manager\idf_component\managed_components\espressif__esp_modem\test\target_urc\main\idf_component.yml"
D copy "C:\Users\[XXX]\mika-idf\managed_components\espressif__esp_rainmaker\idf_component.yml" to "C:\Users\LAPTOP~1\AppData\Local\Temp\tmpg3a705vv\report\manager\idf_component\managed_components\espressif__esp_rainmaker\idf_component.yml"
D copy "C:\Users\[XXX]\mika-idf\managed_components\espressif__esp_rcp_update\idf_component.yml" to "C:\Users\LAPTOP~1\AppData\Local\Temp\tmpg3a705vv\report\manager\idf_component\managed_components\espressif__esp_rcp_update\idf_component.yml"
D copy "C:\Users\[XXX]\mika-idf\managed_components\espressif__esp_schedule\idf_component.yml" to "C:\Users\LAPTOP~1\AppData\Local\Temp\tmpg3a705vv\report\manager\idf_component\managed_components\espressif__esp_schedule\idf_component.yml"
D copy "C:\Users\[XXX]\mika-idf\managed_components\espressif__esp_secure_cert_mgr\idf_component.yml" to "C:\Users\LAPTOP~1\AppData\Local\Temp\tmpg3a705vv\report\manager\idf_component\managed_components\espressif__esp_secure_cert_mgr\idf_component.yml"
D copy "C:\Users\[XXX]\mika-idf\managed_components\espressif__esp_secure_cert_mgr\examples\esp_secure_cert_app\main\idf_component.yml" to "C:\Users\LAPTOP~1\AppData\Local\Temp\tmpg3a705vv\report\manager\idf_component\managed_components\espressif__esp_secure_cert_mgr\examples\esp_secure_cert_app\main\idf_component.yml"
D copy "C:\Users\[XXX]\mika-idf\managed_components\espressif__esp_secure_cert_mgr\test_apps\main\idf_component.yml" to "C:\Users\LAPTOP~1\AppData\Local\Temp\tmpg3a705vv\report\manager\idf_component\managed_components\espressif__esp_secure_cert_mgr\test_apps\main\idf_component.yml"
D copy "C:\Users\[XXX]\mika-idf\managed_components\espressif__jsmn\idf_component.yml" to "C:\Users\LAPTOP~1\AppData\Local\Temp\tmpg3a705vv\report\manager\idf_component\managed_components\espressif__jsmn\idf_component.yml"
D copy "C:\Users\[XXX]\mika-idf\managed_components\espressif__json_generator\idf_component.yml" to "C:\Users\LAPTOP~1\AppData\Local\Temp\tmpg3a705vv\report\manager\idf_component\managed_components\espressif__json_generator\idf_component.yml"
D copy "C:\Users\[XXX]\mika-idf\managed_components\espressif__json_parser\idf_component.yml" to "C:\Users\LAPTOP~1\AppData\Local\Temp\tmpg3a705vv\report\manager\idf_component\managed_components\espressif__json_parser\idf_component.yml"
D copy "C:\Users\[XXX]\mika-idf\managed_components\espressif__libsodium\idf_component.yml" to "C:\Users\LAPTOP~1\AppData\Local\Temp\tmpg3a705vv\report\manager\idf_component\managed_components\espressif__libsodium\idf_component.yml"
D copy "C:\Users\[XXX]\mika-idf\managed_components\espressif__libsodium\test_apps\main\idf_component.yml" to "C:\Users\LAPTOP~1\AppData\Local\Temp\tmpg3a705vv\report\manager\idf_component\managed_components\espressif__libsodium\test_apps\main\idf_component.yml"
D copy "C:\Users\[XXX]\mika-idf\managed_components\espressif__mdns\idf_component.yml" to "C:\Users\LAPTOP~1\AppData\Local\Temp\tmpg3a705vv\report\manager\idf_component\managed_components\espressif__mdns\idf_component.yml"
D copy "C:\Users\[XXX]\mika-idf\managed_components\espressif__mdns\examples\query_advertise\main\idf_component.yml" to "C:\Users\LAPTOP~1\AppData\Local\Temp\tmpg3a705vv\report\manager\idf_component\managed_components\espressif__mdns\examples\query_advertise\main\idf_component.yml"
D copy "C:\Users\[XXX]\mika-idf\managed_components\espressif__mdns\tests\host_test\main\idf_component.yml" to "C:\Users\LAPTOP~1\AppData\Local\Temp\tmpg3a705vv\report\manager\idf_component\managed_components\espressif__mdns\tests\host_test\main\idf_component.yml"
D copy "C:\Users\[XXX]\mika-idf\managed_components\espressif__mdns\tests\test_apps\main\idf_component.yml" to "C:\Users\LAPTOP~1\AppData\Local\Temp\tmpg3a705vv\report\manager\idf_component\managed_components\espressif__mdns\tests\test_apps\main\idf_component.yml"
D copy "C:\Users\[XXX]\mika-idf\managed_components\espressif__network_provisioning\idf_component.yml" to "C:\Users\LAPTOP~1\AppData\Local\Temp\tmpg3a705vv\report\manager\idf_component\managed_components\espressif__network_provisioning\idf_component.yml"
D copy "C:\Users\[XXX]\mika-idf\managed_components\espressif__network_provisioning\examples\thread_prov\main\idf_component.yml" to "C:\Users\LAPTOP~1\AppData\Local\Temp\tmpg3a705vv\report\manager\idf_component\managed_components\espressif__network_provisioning\examples\thread_prov\main\idf_component.yml"
D copy "C:\Users\[XXX]\mika-idf\managed_components\espressif__network_provisioning\examples\wifi_prov\main\idf_component.yml" to "C:\Users\LAPTOP~1\AppData\Local\Temp\tmpg3a705vv\report\manager\idf_component\managed_components\espressif__network_provisioning\examples\wifi_prov\main\idf_component.yml"
D copy "C:\Users\[XXX]\mika-idf\managed_components\espressif__qrcode\idf_component.yml" to "C:\Users\LAPTOP~1\AppData\Local\Temp\tmpg3a705vv\report\manager\idf_component\managed_components\espressif__qrcode\idf_component.yml"
D copy "C:\Users\[XXX]\mika-idf\managed_components\espressif__rmaker_common\idf_component.yml" to "C:\Users\LAPTOP~1\AppData\Local\Temp\tmpg3a705vv\report\manager\idf_component\managed_components\espressif__rmaker_common\idf_component.yml"
D copy "C:\Users\[XXX]\mika-idf\managed_components\joltwallet__littlefs\idf_component.yml" to "C:\Users\LAPTOP~1\AppData\Local\Temp\tmpg3a705vv\report\manager\idf_component\managed_components\joltwallet__littlefs\idf_component.yml"
D copy "C:\Users\[XXX]\mika-idf\managed_components\joltwallet__littlefs\test_apps\main\idf_component.yml" to "C:\Users\LAPTOP~1\AppData\Local\Temp\tmpg3a705vv\report\manager\idf_component\managed_components\joltwallet__littlefs\test_apps\main\idf_component.yml"
D copy "C:\Users\[XXX]\mika-idf\managed_components\lvgl__lvgl\idf_component.yml" to "C:\Users\LAPTOP~1\AppData\Local\Temp\tmpg3a705vv\report\manager\idf_component\managed_components\lvgl__lvgl\idf_component.yml"
